0 info it worked if it ends with ok
1 verbose cli [ 'C:\\Program Files\\nodejs\\node.exe',
1 verbose cli   'C:\\Program Files\\nodejs\\node_modules\\npm\\bin\\npm-cli.js',
1 verbose cli   'start' ]
2 info using npm@3.10.8
3 info using node@v6.9.1
4 verbose run-script [ 'prestart', 'start', 'poststart' ]
5 info lifecycle view-koa@1.0.0~prestart: view-koa@1.0.0
6 silly lifecycle view-koa@1.0.0~prestart: no script for prestart, continuing
7 info lifecycle view-koa@1.0.0~start: view-koa@1.0.0
8 verbose lifecycle view-koa@1.0.0~start: unsafe-perm in lifecycle true
9 verbose lifecycle view-koa@1.0.0~start: PATH: C:\Program Files\nodejs\node_modules\npm\bin\node-gyp-bin;E:\nodejs\project\vue-todo-2\node_modules\.bin;E:\GreenProgram\php-5.6.13-Win32-VC11-x86;C:\WINDOWS\system32;C:\WINDOWS;C:\WINDOWS\System32\Wbem;C:\WINDOWS\System32\WindowsPowerShell\v1.0\;E:\Program Files\TortoiseGit\bin;E:\Program Files\Git\cmd;E:\Program Files\Git\mingw64\bin;E:\Program Files\Git\usr\bin;C:\Program Files\MySQL\MySQL Server 5.5\bin;C:\Program Files\nodejs\;C:\Program Files\MongoDB\bin;C:\Ruby23-x64\bin;C:\Users\Administrator\AppData\Local\Microsoft\WindowsApps;C:\Users\Administrator\AppData\Roaming\npm;C:\Program Files (x86)\Microsoft VS Code\bin
10 verbose lifecycle view-koa@1.0.0~start: CWD: E:\nodejs\project\vue-todo-2
11 silly lifecycle view-koa@1.0.0~start: Args: [ '/d /s /c', 'node --use_strict start.js' ]
12 silly lifecycle view-koa@1.0.0~start: Returned: code: 3221225786  signal: null
13 info lifecycle view-koa@1.0.0~start: Failed to exec start script
14 verbose stack Error: view-koa@1.0.0 start: `node --use_strict start.js`
14 verbose stack Exit status 3221225786
14 verbose stack     at EventEmitter.<anonymous> (C:\Program Files\nodejs\node_modules\npm\lib\utils\lifecycle.js:255:16)
14 verbose stack     at emitTwo (events.js:106:13)
14 verbose stack     at EventEmitter.emit (events.js:191:7)
14 verbose stack     at ChildProcess.<anonymous> (C:\Program Files\nodejs\node_modules\npm\lib\utils\spawn.js:40:14)
14 verbose stack     at emitTwo (events.js:106:13)
14 verbose stack     at ChildProcess.emit (events.js:191:7)
14 verbose stack     at maybeClose (internal/child_process.js:877:16)
14 verbose stack     at Process.ChildProcess._handle.onexit (internal/child_process.js:226:5)
15 verbose pkgid view-koa@1.0.0
16 verbose cwd E:\nodejs\project\vue-todo-2
17 error Windows_NT 10.0.14393
18 error argv "C:\\Program Files\\nodejs\\node.exe" "C:\\Program Files\\nodejs\\node_modules\\npm\\bin\\npm-cli.js" "start"
19 error node v6.9.1
20 error npm  v3.10.8
21 error code ELIFECYCLE
22 error view-koa@1.0.0 start: `node --use_strict start.js`
22 error Exit status 3221225786
23 error Failed at the view-koa@1.0.0 start script 'node --use_strict start.js'.
23 error Make sure you have the latest version of node.js and npm installed.
23 error If you do, this is most likely a problem with the view-koa package,
23 error not with npm itself.
23 error Tell the author that this fails on your system:
23 error     node --use_strict start.js
23 error You can get information on how to open an issue for this project with:
23 error     npm bugs view-koa
23 error Or if that isn't available, you can get their info via:
23 error     npm owner ls view-koa
23 error There is likely additional logging output above.
24 verbose exit [ 1, true ]
